<?xml version="1.0" encoding="UTF-8"?>
<testng-results ignored="0" total="1" passed="1" failed="0" skipped="0">
  <reporter-output>
  </reporter-output>
  <suite started-at="2022-07-27T00:04:59 IST" name="Default suite" finished-at="2022-07-27T00:05:13 IST" duration-ms="14726">
    <groups>
    </groups>
    <test started-at="2022-07-27T00:04:59 IST" name="Default test" finished-at="2022-07-27T00:05:13 IST" duration-ms="14726">
      <class name="com.test.test_1">
        <test-method is-config="true" signature="setup()[pri:0, instance:com.test.test_1@6580cfdd]" started-at="2022-07-27T00:04:59 IST" name="setup" finished-at="2022-07-27T00:05:12 IST" duration-ms="13269" status="PASS">
          <reporter-output>
          </reporter-output>
        </test-method> <!-- setup -->
        <test-method signature="test_001()[pri:0, instance:com.test.test_1@6580cfdd]" started-at="2022-07-27T00:05:12 IST" name="test_001" finished-at="2022-07-27T00:05:13 IST" duration-ms="710" status="PASS">
          <reporter-output>
          </reporter-output>
        </test-method> <!-- test_001 -->
        <test-method is-config="true" signature="teardown()[pri:0, instance:com.test.test_1@6580cfdd]" started-at="2022-07-27T00:05:13 IST" name="teardown" finished-at="2022-07-27T00:05:13 IST" duration-ms="614" status="PASS">
          <reporter-output>
          </reporter-output>
        </test-method> <!-- teardown -->
      </class> <!-- com.test.test_1 -->
    </test> <!-- Default test -->
  </suite> <!-- Default suite -->
</testng-results>
